2015-04-02 19:15:18 Error: [Cake\Console\Exception\MissingShellException] Shell class for "Test" could not be found.
Exception Attributes: array (
  'class' => 'Test',
)
Stack Trace:
#0 /var/www/CakeTeaster/vendor/cakephp/cakephp/src/Console/ShellDispatcher.php(197): Cake\Console\ShellDispatcher->findShell('test')
#1 /var/www/CakeTeaster/vendor/cakephp/cakephp/src/Console/ShellDispatcher.php(171): Cake\Console\ShellDispatcher->_dispatch()
#2 /var/www/CakeTeaster/vendor/cakephp/cakephp/src/Console/ShellDispatcher.php(122): Cake\Console\ShellDispatcher->dispatch()
#3 /var/www/CakeTeaster/bin/cake.php(20): Cake\Console\ShellDispatcher::run(Array)
#4 {main}


2015-05-26 23:57:40 Error: [Cake\Database\Exception] Cannot describe project. It has 0 columns.
Stack Trace:
#0 /var/www/CakeTeaster/vendor/cakephp/cakephp/src/Database/Schema/CachedCollection.php(65): Cake\Database\Schema\Collection->describe('project', Array)
#1 /var/www/CakeTeaster/vendor/cakephp/cakephp/src/ORM/Table.php(426): Cake\Database\Schema\CachedCollection->describe('project')
#2 /var/www/CakeTeaster/vendor/cakephp/cakephp/src/ORM/Table.php(502): Cake\ORM\Table->schema()
#3 /var/www/CakeTeaster/vendor/cakephp/bake/src/Shell/Task/ModelTask.php(194): Cake\ORM\Table->primaryKey()
#4 /var/www/CakeTeaster/vendor/cakephp/bake/src/Shell/Task/ModelTask.php(109): Bake\Shell\Task\ModelTask->getAssociations(Object(Cake\ORM\Table))
#5 /var/www/CakeTeaster/vendor/cakephp/bake/src/Shell/Task/ModelTask.php(95): Bake\Shell\Task\ModelTask->bake('Project')
#6 /var/www/CakeTeaster/vendor/cakephp/bake/src/Shell/BakeShell.php(241): Bake\Shell\Task\ModelTask->main('Project')
#7 [internal function]: Bake\Shell\BakeShell->all('project')
#8 /var/www/CakeTeaster/vendor/cakephp/cakephp/src/Console/Shell.php(380): call_user_func_array(Array, Array)
#9 /var/www/CakeTeaster/vendor/cakephp/cakephp/src/Console/ShellDispatcher.php(204): Cake\Console\Shell->runCommand(Array, true)
#10 /var/www/CakeTeaster/vendor/cakephp/cakephp/src/Console/ShellDispatcher.php(175): Cake\Console\ShellDispatcher->_dispatch()
#11 /var/www/CakeTeaster/vendor/cakephp/cakephp/src/Console/ShellDispatcher.php(126): Cake\Console\ShellDispatcher->dispatch()
#12 /var/www/CakeTeaster/bin/cake.php(20): Cake\Console\ShellDispatcher::run(Array)
#13 {main}


2015-05-26 23:59:56 Error: [Cake\Database\Exception] Cannot describe project. It has 0 columns.
Stack Trace:
#0 /var/www/CakeTeaster/vendor/cakephp/cakephp/src/Database/Schema/CachedCollection.php(65): Cake\Database\Schema\Collection->describe('project', Array)
#1 /var/www/CakeTeaster/vendor/cakephp/cakephp/src/ORM/Table.php(426): Cake\Database\Schema\CachedCollection->describe('project')
#2 /var/www/CakeTeaster/vendor/cakephp/cakephp/src/ORM/Table.php(502): Cake\ORM\Table->schema()
#3 /var/www/CakeTeaster/vendor/cakephp/bake/src/Shell/Task/ModelTask.php(194): Cake\ORM\Table->primaryKey()
#4 /var/www/CakeTeaster/vendor/cakephp/bake/src/Shell/Task/ModelTask.php(109): Bake\Shell\Task\ModelTask->getAssociations(Object(Cake\ORM\Table))
#5 /var/www/CakeTeaster/vendor/cakephp/bake/src/Shell/Task/ModelTask.php(95): Bake\Shell\Task\ModelTask->bake('Project')
#6 /var/www/CakeTeaster/vendor/cakephp/bake/src/Shell/BakeShell.php(241): Bake\Shell\Task\ModelTask->main('Project')
#7 [internal function]: Bake\Shell\BakeShell->all('project')
#8 /var/www/CakeTeaster/vendor/cakephp/cakephp/src/Console/Shell.php(380): call_user_func_array(Array, Array)
#9 /var/www/CakeTeaster/vendor/cakephp/cakephp/src/Console/ShellDispatcher.php(204): Cake\Console\Shell->runCommand(Array, true)
#10 /var/www/CakeTeaster/vendor/cakephp/cakephp/src/Console/ShellDispatcher.php(175): Cake\Console\ShellDispatcher->_dispatch()
#11 /var/www/CakeTeaster/vendor/cakephp/cakephp/src/Console/ShellDispatcher.php(126): Cake\Console\ShellDispatcher->dispatch()
#12 /var/www/CakeTeaster/bin/cake.php(20): Cake\Console\ShellDispatcher::run(Array)
#13 {main}


2015-05-27 00:00:50 Error: [Cake\Database\Exception] Cannot describe project. It has 0 columns.
Stack Trace:
#0 /var/www/CakeTeaster/vendor/cakephp/cakephp/src/Database/Schema/CachedCollection.php(65): Cake\Database\Schema\Collection->describe('project', Array)
#1 /var/www/CakeTeaster/vendor/cakephp/cakephp/src/ORM/Table.php(426): Cake\Database\Schema\CachedCollection->describe('project')
#2 /var/www/CakeTeaster/vendor/cakephp/cakephp/src/ORM/Table.php(502): Cake\ORM\Table->schema()
#3 /var/www/CakeTeaster/vendor/cakephp/bake/src/Shell/Task/ModelTask.php(194): Cake\ORM\Table->primaryKey()
#4 /var/www/CakeTeaster/vendor/cakephp/bake/src/Shell/Task/ModelTask.php(109): Bake\Shell\Task\ModelTask->getAssociations(Object(Cake\ORM\Table))
#5 /var/www/CakeTeaster/vendor/cakephp/bake/src/Shell/Task/ModelTask.php(95): Bake\Shell\Task\ModelTask->bake('Project')
#6 /var/www/CakeTeaster/vendor/cakephp/bake/src/Shell/BakeShell.php(241): Bake\Shell\Task\ModelTask->main('Project')
#7 [internal function]: Bake\Shell\BakeShell->all('project')
#8 /var/www/CakeTeaster/vendor/cakephp/cakephp/src/Console/Shell.php(380): call_user_func_array(Array, Array)
#9 /var/www/CakeTeaster/vendor/cakephp/cakephp/src/Console/ShellDispatcher.php(204): Cake\Console\Shell->runCommand(Array, true)
#10 /var/www/CakeTeaster/vendor/cakephp/cakephp/src/Console/ShellDispatcher.php(175): Cake\Console\ShellDispatcher->_dispatch()
#11 /var/www/CakeTeaster/vendor/cakephp/cakephp/src/Console/ShellDispatcher.php(126): Cake\Console\ShellDispatcher->dispatch()
#12 /var/www/CakeTeaster/bin/cake.php(20): Cake\Console\ShellDispatcher::run(Array)
#13 {main}


